{"C:\\Users\\mshokry\\Desktop\\Axis Task\\backend\\app.js": {"path":"C:\\Users\\mshokry\\Desktop\\Axis Task\\backend\\app.js","statementMap":{"0":{"start":{"line":16,"column":16},"end":{"line":16,"column":34}},"1":{"start":{"line":17,"column":23},"end":{"line":17,"column":38}},"2":{"start":{"line":18,"column":12},"end":{"line":18,"column":35}},"3":{"start":{"line":19,"column":18},"end":{"line":19,"column":47}},"4":{"start":{"line":20,"column":21},"end":{"line":20,"column":45}},"5":{"start":{"line":21,"column":12},"end":{"line":21,"column":21}},"6":{"start":{"line":22,"column":13},"end":{"line":22,"column":17}},"7":{"start":{"line":24,"column":0},"end":{"line":24,"column":24}},"8":{"start":{"line":34,"column":22},"end":{"line":34,"column":29}},"9":{"start":{"line":35,"column":22},"end":{"line":35,"column":29}},"10":{"start":{"line":36,"column":18},"end":{"line":36,"column":60}},"11":{"start":{"line":37,"column":20},"end":{"line":37,"column":24}},"12":{"start":{"line":72,"column":0},"end":{"line":83,"column":3}},"13":{"start":{"line":73,"column":33},"end":{"line":73,"column":41}},"14":{"start":{"line":76,"column":2},"end":{"line":80,"column":3}},"15":{"start":{"line":78,"column":18},"end":{"line":78,"column":94}},"16":{"start":{"line":79,"column":4},"end":{"line":79,"column":43}},"17":{"start":{"line":82,"column":2},"end":{"line":82,"column":57}},"18":{"start":{"line":98,"column":23},"end":{"line":98,"column":51}},"19":{"start":{"line":100,"column":2},"end":{"line":113,"column":3}},"20":{"start":{"line":102,"column":18},"end":{"line":102,"column":44}},"21":{"start":{"line":103,"column":4},"end":{"line":110,"column":7}},"22":{"start":{"line":104,"column":6},"end":{"line":106,"column":7}},"23":{"start":{"line":105,"column":8},"end":{"line":105,"column":69}},"24":{"start":{"line":108,"column":6},"end":{"line":108,"column":26}},"25":{"start":{"line":109,"column":6},"end":{"line":109,"column":13}},"26":{"start":{"line":112,"column":4},"end":{"line":112,"column":57}},"27":{"start":{"line":124,"column":17},"end":{"line":124,"column":19}},"28":{"start":{"line":125,"column":20},"end":{"line":125,"column":21}},"29":{"start":{"line":148,"column":0},"end":{"line":153,"column":3}},"30":{"start":{"line":149,"column":18},"end":{"line":149,"column":51}},"31":{"start":{"line":150,"column":2},"end":{"line":150,"column":36}},"32":{"start":{"line":151,"column":2},"end":{"line":151,"column":18}},"33":{"start":{"line":152,"column":2},"end":{"line":152,"column":51}},"34":{"start":{"line":199,"column":0},"end":{"line":214,"column":3}},"35":{"start":{"line":200,"column":20},"end":{"line":200,"column":47}},"36":{"start":{"line":201,"column":21},"end":{"line":201,"column":29}},"37":{"start":{"line":203,"column":2},"end":{"line":205,"column":3}},"38":{"start":{"line":204,"column":4},"end":{"line":204,"column":64}},"39":{"start":{"line":206,"column":2},"end":{"line":208,"column":3}},"40":{"start":{"line":207,"column":4},"end":{"line":207,"column":69}},"41":{"start":{"line":210,"column":2},"end":{"line":210,"column":40}},"42":{"start":{"line":212,"column":24},"end":{"line":212,"column":32}},"43":{"start":{"line":213,"column":2},"end":{"line":213,"column":58}},"44":{"start":{"line":260,"column":0},"end":{"line":278,"column":3}},"45":{"start":{"line":261,"column":20},"end":{"line":261,"column":47}},"46":{"start":{"line":262,"column":21},"end":{"line":262,"column":29}},"47":{"start":{"line":264,"column":2},"end":{"line":266,"column":3}},"48":{"start":{"line":265,"column":4},"end":{"line":265,"column":64}},"49":{"start":{"line":267,"column":2},"end":{"line":269,"column":3}},"50":{"start":{"line":268,"column":4},"end":{"line":268,"column":72}},"51":{"start":{"line":270,"column":2},"end":{"line":272,"column":3}},"52":{"start":{"line":271,"column":4},"end":{"line":271,"column":65}},"53":{"start":{"line":274,"column":2},"end":{"line":274,"column":40}},"54":{"start":{"line":276,"column":24},"end":{"line":276,"column":32}},"55":{"start":{"line":277,"column":2},"end":{"line":277,"column":58}},"56":{"start":{"line":310,"column":0},"end":{"line":317,"column":3}},"57":{"start":{"line":311,"column":20},"end":{"line":311,"column":47}},"58":{"start":{"line":313,"column":2},"end":{"line":315,"column":3}},"59":{"start":{"line":314,"column":4},"end":{"line":314,"column":64}},"60":{"start":{"line":316,"column":2},"end":{"line":316,"column":65}},"61":{"start":{"line":322,"column":16},"end":{"line":351,"column":1}},"62":{"start":{"line":354,"column":20},"end":{"line":354,"column":41}},"63":{"start":{"line":357,"column":0},"end":{"line":357,"column":68}},"64":{"start":{"line":365,"column":0},"end":{"line":369,"column":1}},"65":{"start":{"line":366,"column":2},"end":{"line":368,"column":5}},"66":{"start":{"line":367,"column":4},"end":{"line":367,"column":53}},"67":{"start":{"line":371,"column":0},"end":{"line":371,"column":21}}},"fnMap":{"0":{"name":"(anonymous_0)","decl":{"start":{"line":72,"column":25},"end":{"line":72,"column":26}},"loc":{"start":{"line":72,"column":39},"end":{"line":83,"column":1}},"line":72},"1":{"name":"verifyToken","decl":{"start":{"line":97,"column":9},"end":{"line":97,"column":20}},"loc":{"start":{"line":97,"column":37},"end":{"line":114,"column":1}},"line":97},"2":{"name":"(anonymous_2)","decl":{"start":{"line":103,"column":33},"end":{"line":103,"column":34}},"loc":{"start":{"line":103,"column":51},"end":{"line":110,"column":5}},"line":103},"3":{"name":"(anonymous_3)","decl":{"start":{"line":148,"column":35},"end":{"line":148,"column":36}},"loc":{"start":{"line":148,"column":49},"end":{"line":153,"column":1}},"line":148},"4":{"name":"(anonymous_4)","decl":{"start":{"line":199,"column":47},"end":{"line":199,"column":48}},"loc":{"start":{"line":199,"column":61},"end":{"line":214,"column":1}},"line":199},"5":{"name":"(anonymous_5)","decl":{"start":{"line":260,"column":48},"end":{"line":260,"column":49}},"loc":{"start":{"line":260,"column":62},"end":{"line":278,"column":1}},"line":260},"6":{"name":"(anonymous_6)","decl":{"start":{"line":310,"column":46},"end":{"line":310,"column":47}},"loc":{"start":{"line":310,"column":60},"end":{"line":317,"column":1}},"line":310},"7":{"name":"(anonymous_7)","decl":{"start":{"line":366,"column":19},"end":{"line":366,"column":20}},"loc":{"start":{"line":366,"column":25},"end":{"line":368,"column":3}},"line":366}},"branchMap":{"0":{"loc":{"start":{"line":76,"column":2},"end":{"line":80,"column":3}},"type":"if","locations":[{"start":{"line":76,"column":2},"end":{"line":80,"column":3}},{"start":{},"end":{}}],"line":76},"1":{"loc":{"start":{"line":76,"column":6},"end":{"line":76,"column":62}},"type":"binary-expr","locations":[{"start":{"line":76,"column":6},"end":{"line":76,"column":32}},{"start":{"line":76,"column":36},"end":{"line":76,"column":62}}],"line":76},"2":{"loc":{"start":{"line":100,"column":2},"end":{"line":113,"column":3}},"type":"if","locations":[{"start":{"line":100,"column":2},"end":{"line":113,"column":3}},{"start":{"line":111,"column":9},"end":{"line":113,"column":3}}],"line":100},"3":{"loc":{"start":{"line":104,"column":6},"end":{"line":106,"column":7}},"type":"if","locations":[{"start":{"line":104,"column":6},"end":{"line":106,"column":7}},{"start":{},"end":{}}],"line":104},"4":{"loc":{"start":{"line":203,"column":2},"end":{"line":205,"column":3}},"type":"if","locations":[{"start":{"line":203,"column":2},"end":{"line":205,"column":3}},{"start":{},"end":{}}],"line":203},"5":{"loc":{"start":{"line":206,"column":2},"end":{"line":208,"column":3}},"type":"if","locations":[{"start":{"line":206,"column":2},"end":{"line":208,"column":3}},{"start":{},"end":{}}],"line":206},"6":{"loc":{"start":{"line":206,"column":6},"end":{"line":206,"column":47}},"type":"binary-expr","locations":[{"start":{"line":206,"column":6},"end":{"line":206,"column":32}},{"start":{"line":206,"column":36},"end":{"line":206,"column":47}}],"line":206},"7":{"loc":{"start":{"line":264,"column":2},"end":{"line":266,"column":3}},"type":"if","locations":[{"start":{"line":264,"column":2},"end":{"line":266,"column":3}},{"start":{},"end":{}}],"line":264},"8":{"loc":{"start":{"line":267,"column":2},"end":{"line":269,"column":3}},"type":"if","locations":[{"start":{"line":267,"column":2},"end":{"line":269,"column":3}},{"start":{},"end":{}}],"line":267},"9":{"loc":{"start":{"line":267,"column":6},"end":{"line":267,"column":47}},"type":"binary-expr","locations":[{"start":{"line":267,"column":6},"end":{"line":267,"column":32}},{"start":{"line":267,"column":36},"end":{"line":267,"column":47}}],"line":267},"10":{"loc":{"start":{"line":270,"column":2},"end":{"line":272,"column":3}},"type":"if","locations":[{"start":{"line":270,"column":2},"end":{"line":272,"column":3}},{"start":{},"end":{}}],"line":270},"11":{"loc":{"start":{"line":313,"column":2},"end":{"line":315,"column":3}},"type":"if","locations":[{"start":{"line":313,"column":2},"end":{"line":315,"column":3}},{"start":{},"end":{}}],"line":313},"12":{"loc":{"start":{"line":365,"column":0},"end":{"line":369,"column":1}},"type":"if","locations":[{"start":{"line":365,"column":0},"end":{"line":369,"column":1}},{"start":{},"end":{}}],"line":365}},"s":{"0":1,"1":1,"2":1,"3":1,"4":1,"5":1,"6":1,"7":1,"8":1,"9":1,"10":1,"11":1,"12":1,"13":2,"14":2,"15":1,"16":1,"17":1,"18":6,"19":6,"20":6,"21":6,"22":6,"23":0,"24":6,"25":6,"26":0,"27":1,"28":1,"29":1,"30":1,"31":1,"32":1,"33":1,"34":1,"35":3,"36":3,"37":3,"38":0,"39":3,"40":0,"41":3,"42":3,"43":3,"44":1,"45":1,"46":1,"47":1,"48":0,"49":1,"50":0,"51":1,"52":0,"53":1,"54":1,"55":1,"56":1,"57":1,"58":1,"59":0,"60":1,"61":1,"62":1,"63":1,"64":1,"65":0,"66":0,"67":1},"f":{"0":2,"1":6,"2":6,"3":1,"4":3,"5":1,"6":1,"7":0},"b":{"0":[1,1],"1":[2,2],"2":[6,0],"3":[0,6],"4":[0,3],"5":[0,3],"6":[3,3],"7":[0,1],"8":[0,1],"9":[1,1],"10":[0,1],"11":[0,1],"12":[0,1]},"_coverageSchema":"1a1c01bbd47fc00a2c39e90264f33305004495a9","hash":"8005a198cd749d179212aec3840e21c19ac5e6b3"}
}
