TN:
SF:app.js
FN:72,(anonymous_0)
FN:97,verifyToken
FN:103,(anonymous_2)
FN:148,(anonymous_3)
FN:199,(anonymous_4)
FN:260,(anonymous_5)
FN:310,(anonymous_6)
FN:366,(anonymous_7)
FNF:8
FNH:7
FNDA:2,(anonymous_0)
FNDA:6,verifyToken
FNDA:6,(anonymous_2)
FNDA:1,(anonymous_3)
FNDA:3,(anonymous_4)
FNDA:1,(anonymous_5)
FNDA:1,(anonymous_6)
FNDA:0,(anonymous_7)
DA:16,1
DA:17,1
DA:18,1
DA:19,1
DA:20,1
DA:21,1
DA:22,1
DA:24,1
DA:34,1
DA:35,1
DA:36,1
DA:37,1
DA:72,1
DA:73,2
DA:76,2
DA:78,1
DA:79,1
DA:82,1
DA:98,6
DA:100,6
DA:102,6
DA:103,6
DA:104,6
DA:105,0
DA:108,6
DA:109,6
DA:112,0
DA:124,1
DA:125,1
DA:148,1
DA:149,1
DA:150,1
DA:151,1
DA:152,1
DA:199,1
DA:200,3
DA:201,3
DA:203,3
DA:204,0
DA:206,3
DA:207,0
DA:210,3
DA:212,3
DA:213,3
DA:260,1
DA:261,1
DA:262,1
DA:264,1
DA:265,0
DA:267,1
DA:268,0
DA:270,1
DA:271,0
DA:274,1
DA:276,1
DA:277,1
DA:310,1
DA:311,1
DA:313,1
DA:314,0
DA:316,1
DA:322,1
DA:354,1
DA:357,1
DA:365,1
DA:366,0
DA:367,0
DA:371,1
LF:68
LH:58
BRDA:76,0,0,1
BRDA:76,0,1,1
BRDA:76,1,0,2
BRDA:76,1,1,2
BRDA:100,2,0,6
BRDA:100,2,1,0
BRDA:104,3,0,0
BRDA:104,3,1,6
BRDA:203,4,0,0
BRDA:203,4,1,3
BRDA:206,5,0,0
BRDA:206,5,1,3
BRDA:206,6,0,3
BRDA:206,6,1,3
BRDA:264,7,0,0
BRDA:264,7,1,1
BRDA:267,8,0,0
BRDA:267,8,1,1
BRDA:267,9,0,1
BRDA:267,9,1,1
BRDA:270,10,0,0
BRDA:270,10,1,1
BRDA:313,11,0,0
BRDA:313,11,1,1
BRDA:365,12,0,0
BRDA:365,12,1,1
BRF:26
BRH:17
end_of_record
